[?] Information -> 2022/12/10 16:36:51 Config() -> Flags Setuped
[*] Warning -> 2022/12/10 16:36:51 App Started
[?] Information -> 2022/12/10 16:36:51 config.Config() -> Succesful
[?] Information -> 2022/12/10 16:36:51 platform -> linux
[?] Information -> 2022/12/10 16:50:53 Config() -> Flags Setuped
[*] Warning -> 2022/12/10 16:50:53 App Started
[?] Information -> 2022/12/10 16:50:53 config.Config() -> Succesful
[?] Information -> 2022/12/10 16:50:53 platform -> linux
[?] Information -> 2022/12/10 21:18:08 Config() -> Flags Setuped
[*] Warning -> 2022/12/10 21:18:08 App Started
[?] Information -> 2022/12/10 21:18:08 config.Config() -> Succesful
[?] Information -> 2022/12/10 21:18:08 platform -> linux
[?] Information -> 2022/12/10 21:43:10 Config() -> Flags Setuped
[*] Warning -> 2022/12/10 21:43:10 App Started
[?] Information -> 2022/12/10 21:43:10 config.Config() -> Succesful
[?] Information -> 2022/12/10 21:43:10 platform -> linux
[?] Information -> 2022/12/10 22:06:30 Config() -> Flags Setuped
[*] Warning -> 2022/12/10 22:06:30 App Started
[?] Information -> 2022/12/10 22:06:30 config.Config() -> Succesful
[?] Information -> 2022/12/10 22:06:30 platform -> linux
[?] Information -> 2022/12/10 22:06:43 employee.Add() -> New Student Created -> ID : x22643
